<?xml version="1.0" encoding="UTF-8"?>
<!-- Generated by org.testng.reporters.JUnitReportReporter -->
<testsuite hostname="Suraj" failures="0" tests="1" name="com.ShopperStack_testScripts.TC_002_Verify_user_is_able_to_delete_address_or_not" time="22.932" errors="0" timestamp="2024-09-04T13:04:15 IST" skipped="0">
  <testcase classname="com.ShopperStack_testScripts.TC_002_Verify_user_is_able_to_delete_address_or_not" name="deleteAddress" time="22.932"/>
</testsuite> <!-- com.ShopperStack_testScripts.TC_002_Verify_user_is_able_to_delete_address_or_not -->
