<?xml version="1.0" encoding="UTF-8"?>
<!-- Generated by org.testng.reporters.JUnitReportReporter -->
<testsuite hostname="Suraj" failures="0" tests="1" name="com.ShopperStack_testScripts.TC_001_Verify_user_is_able_to_add_address_or_not" time="20.797" errors="0" timestamp="2024-09-04T12:53:28 IST" skipped="0">
  <testcase classname="com.ShopperStack_testScripts.TC_001_Verify_user_is_able_to_add_address_or_not" name="addAddress" time="20.797"/>
</testsuite> <!-- com.ShopperStack_testScripts.TC_001_Verify_user_is_able_to_add_address_or_not -->
